diff --git a/.env b/.env
index a773c02..30d4b66 100644
--- a/.env
+++ b/.env
@@ -2,3 +2,5 @@ CVDATA=./data
 CONFIGPROXY_AUTH_TOKEN='31507a9ddf3e41cf86b58ffede2db68326657437704461ae2c1a4018d55e18f0'
 TZ=America/New_York
 PYTHONPATH=/opt/libraries
+NB_UID=1001
+NB_GID=1001
\ No newline at end of file
diff --git a/docker-compose.yml b/docker-compose.yml
index 89a1c74..96d89ef 100644
--- a/docker-compose.yml
+++ b/docker-compose.yml
@@ -1,4 +1,4 @@
-version: '3.4'
+version: '3.7'
 services:
   testcv:
     env_file: .env
@@ -74,7 +74,11 @@ services:
     build:
       context: notebook
       dockerfile: scratchpad.Dockerfile
-    command: ["jupyter", "notebook",
+      args:
+        - NB_UID=1001
+        - NB_GID=1001
+    #command: ["jupyter", "notebook",
+    command: ["start-notebook.sh",
              "--no-browser", "--NotebookApp.token=''",
              "--NotebookApp.password=''",
              "--NotebookApp.base_url='/notebook'",
@@ -82,6 +86,8 @@ services:
     volumes:
       - ./data:/home/jovyan
       - ./libraries:/opt/libraries
+      - /var/run/docker.sock:/var/run/docker.sock
+
 
 ## notes on approach for multi volume.
 # localhost:8080/nglancer <- doesn't work due to the token handling on nglancer
diff --git a/notebook/scratchpad.Dockerfile b/notebook/scratchpad.Dockerfile
index ce8fe0e..414aac9 100644
--- a/notebook/scratchpad.Dockerfile
+++ b/notebook/scratchpad.Dockerfile
@@ -1,3 +1,5 @@
 FROM jupyter/datascience-notebook:latest
 
-RUN pip install redis neuroglancer
+RUN pip install redis neuroglancer==1.1.6 docker
+
+USER root
